<?xml version="1.0" encoding="UTF-8"?>
<testsuite xmlns:xsi="http://www.w3.org/2001/XMLSchema-instance" xsi:noNamespaceSchemaLocation="https://maven.apache.org/surefire/maven-surefire-plugin/xsd/surefire-test-report-3.0.xsd" version="3.0" name="com.themis.SeperateApplicationTests" time="2.502" tests="1" errors="0" skipped="0" failures="0">
  <properties>
[...]
</properties>
  <testcase name="contextLoads" classname="com.themis.SeperateApplicationTests" time="0.366">
    <system-out><![CDATA[09:07:09.635 [main] DEBUG org.springframework.test.context.BootstrapUtils - Instantiating CacheAwareContextLoaderDelegate from class [org.springframework.test.context.cache.DefaultCacheAwareContextLoaderDelegate]
09:07:09.644 [main] DEBUG org.springframework.test.context.BootstrapUtils - Instantiating BootstrapContext using constructor [public org.springframework.test.context.support.DefaultBootstrapContext(java.lang.Class,org.springframework.test.context.CacheAwareContextLoaderDelegate)]
09:07:09.670 [main] DEBUG org.springframework.test.context.BootstrapUtils - Instantiating TestContextBootstrapper for test class [com.themis.SeperateApplicationTests] from class [org.springframework.boot.test.context.SpringBootTestContextBootstrapper]
09:07:09.681 [main] INFO org.springframework.boot.test.context.SpringBootTestContextBootstrapper - Neither @ContextConfiguration nor @ContextHierarchy found for test class [com.themis.SeperateApplicationTests], using SpringBootContextLoader
09:07:09.684 [main] DEBUG org.springframework.test.context.support.AbstractContextLoader - Did not detect default resource location for test class [com.themis.SeperateApplicationTests]: class path resource [com/themis/SeperateApplicationTests-context.xml] does not exist
09:07:09.685 [main] DEBUG org.springframework.test.context.support.AbstractContextLoader - Did not detect default resource location for test class [com.themis.SeperateApplicationTests]: class path resource [com/themis/SeperateApplicationTestsContext.groovy] does not exist
09:07:09.685 [main] INFO org.springframework.test.context.support.AbstractContextLoader - Could not detect default resource locations for test class [com.themis.SeperateApplicationTests]: no resource found for suffixes {-context.xml, Context.groovy}.
09:07:09.685 [main] INFO org.springframework.test.context.support.AnnotationConfigContextLoaderUtils - Could not detect default configuration classes for test class [com.themis.SeperateApplicationTests]: SeperateApplicationTests does not declare any static, non-private, non-final, nested classes annotated with @Configuration.
09:07:09.724 [main] DEBUG org.springframework.test.context.support.ActiveProfilesUtils - Could not find an 'annotation declaring class' for annotation type [org.springframework.test.context.ActiveProfiles] and class [com.themis.SeperateApplicationTests]
09:07:09.779 [main] DEBUG org.springframework.context.annotation.ClassPathScanningCandidateComponentProvider - Identified candidate component class: file [E:\java\seperate\target\classes\com\themis\SeperateApplication.class]
09:07:09.780 [main] INFO org.springframework.boot.test.context.SpringBootTestContextBootstrapper - Found @SpringBootConfiguration com.themis.SeperateApplication for test class com.themis.SeperateApplicationTests
09:07:09.883 [main] DEBUG org.springframework.boot.test.context.SpringBootTestContextBootstrapper - @TestExecutionListeners is not present for class [com.themis.SeperateApplicationTests]: using defaults.
09:07:09.884 [main] INFO org.springframework.boot.test.context.SpringBootTestContextBootstrapper - Loaded default TestExecutionListener class names from location [META-INF/spring.factories]: [org.springframework.boot.test.mock.mockito.MockitoTestExecutionListener, org.springframework.boot.test.mock.mockito.ResetMocksTestExecutionListener, org.springframework.boot.test.autoconfigure.restdocs.RestDocsTestExecutionListener, org.springframework.boot.test.autoconfigure.web.client.MockRestServiceServerResetTestExecutionListener, org.springframework.boot.test.autoconfigure.web.servlet.MockMvcPrintOnlyOnFailureTestExecutionListener, org.springframework.boot.test.autoconfigure.web.servlet.WebDriverTestExecutionListener, org.springframework.boot.test.autoconfigure.webservices.client.MockWebServiceServerTestExecutionListener, org.springframework.test.context.web.ServletTestExecutionListener, org.springframework.test.context.support.DirtiesContextBeforeModesTestExecutionListener, org.springframework.test.context.event.ApplicationEventsTestExecutionListener, org.springframework.test.context.support.DependencyInjectionTestExecutionListener, org.springframework.test.context.support.DirtiesContextTestExecutionListener, org.springframework.test.context.transaction.TransactionalTestExecutionListener, org.springframework.test.context.jdbc.SqlScriptsTestExecutionListener, org.springframework.test.context.event.EventPublishingTestExecutionListener]
09:07:09.900 [main] INFO org.springframework.boot.test.context.SpringBootTestContextBootstrapper - Using TestExecutionListeners: [org.springframework.test.context.web.ServletTestExecutionListener@2a3c96e3, org.springframework.test.context.support.DirtiesContextBeforeModesTestExecutionListener@15cafec7, org.springframework.test.context.event.ApplicationEventsTestExecutionListener@5b444398, org.springframework.boot.test.mock.mockito.MockitoTestExecutionListener@cb191ca, org.springframework.boot.test.autoconfigure.SpringBootDependencyInjectionTestExecutionListener@42f48531, org.springframework.test.context.support.DirtiesContextTestExecutionListener@a776e, org.springframework.test.context.transaction.TransactionalTestExecutionListener@792bbc74, org.springframework.test.context.jdbc.SqlScriptsTestExecutionListener@79145d5a, org.springframework.test.context.event.EventPublishingTestExecutionListener@1f2f9244, org.springframework.boot.test.mock.mockito.ResetMocksTestExecutionListener@4c4d27c8, org.springframework.boot.test.autoconfigure.restdocs.RestDocsTestExecutionListener@6821ea29, org.springframework.boot.test.autoconfigure.web.client.MockRestServiceServerResetTestExecutionListener@338494fa, org.springframework.boot.test.autoconfigure.web.servlet.MockMvcPrintOnlyOnFailureTestExecutionListener@505a9d7c, org.springframework.boot.test.autoconfigure.web.servlet.WebDriverTestExecutionListener@758c83d8, org.springframework.boot.test.autoconfigure.webservices.client.MockWebServiceServerTestExecutionListener@129b4fe2]
09:07:09.904 [main] DEBUG org.springframework.test.context.support.AbstractDirtiesContextTestExecutionListener - Before test class: context [DefaultTestContext@4b672daa testClass = SeperateApplicationTests, testInstance = [null], testMethod = [null], testException = [null], mergedContextConfiguration = [WebMergedContextConfiguration@ea9b7c6 testClass = SeperateApplicationTests, locations = '{}', classes = '{class com.themis.SeperateApplication}', contextInitializerClasses = '[]', activeProfiles = '{}', propertySourceLocations = '{}', propertySourceProperties = '{org.springframework.boot.test.context.SpringBootTestContextBootstrapper=true}', contextCustomizers = set[org.springframework.boot.test.context.filter.ExcludeFilterContextCustomizer@7357a011, org.springframework.boot.test.json.DuplicateJsonObjectContextCustomizerFactory$DuplicateJsonObjectContextCustomizer@68f4865, org.springframework.boot.test.mock.mockito.MockitoContextCustomizer@0, org.springframework.boot.test.web.client.TestRestTemplateContextCustomizer@5a5338df, org.springframework.boot.test.autoconfigure.actuate.metrics.MetricsExportContextCustomizerFactory$DisableMetricExportContextCustomizer@6057aebb, org.springframework.boot.test.autoconfigure.properties.PropertyMappingContextCustomizer@0, org.springframework.boot.test.autoconfigure.web.servlet.WebDriverContextCustomizerFactory$Customizer@6d07a63d, org.springframework.boot.test.context.SpringBootTestArgs@1, org.springframework.boot.test.context.SpringBootTestWebEnvironment@692f203f], resourceBasePath = 'src/main/webapp', contextLoader = 'org.springframework.boot.test.context.SpringBootContextLoader', parent = [null]], attributes = map['org.springframework.test.context.web.ServletTestExecutionListener.activateListener' -> true]], class annotated with @DirtiesContext [false] with mode [null].

  .   ____          _            __ _ _
 /\\ / ___'_ __ _ _(_)_ __  __ _ \ \ \ \
( ( )\___ | '_ | '_| | '_ \/ _` | \ \ \ \
 \\/  ___)| |_)| | | | | || (_| |  ) ) ) )
  '  |____| .__|_| |_|_| |_\__, | / / / /
 =========|_|==============|___/=/_/_/_/
 :: Spring Boot ::               (v2.6.13)

2024-06-04 09:07:10.266  INFO 19088 --- [           main] com.themis.SeperateApplicationTests      : Starting SeperateApplicationTests using Java 11.0.16 on DESKTOP-FBI7M69 with PID 19088 (started by DELL in E:\java\seperate)
2024-06-04 09:07:10.267  INFO 19088 --- [           main] com.themis.SeperateApplicationTests      : No active profile set, falling back to 1 default profile: "default"
2024-06-04 09:07:11.509  INFO 19088 --- [           main] o.s.b.a.w.s.WelcomePageHandlerMapping    : Adding welcome page: class path resource [static/index.html]
2024-06-04 09:07:11.693  INFO 19088 --- [           main] com.themis.SeperateApplicationTests      : Started SeperateApplicationTests in 1.752 seconds (JVM running for 2.63)
]]></system-out>
  </testcase>
</testsuite>